[At 14:39:07]>请先接入被测模块再进行操作
[At 14:39:07]>已检测到串口，请选择并打开串口
[At 14:39:07]>请输入操作员姓名，20秒内未输入自动填入。
[At 14:39:07]>读取默认配置
[At 14:39:10]>[COM3]已打开
[At 14:39:11]>控制仪在线，请执行操作
[At 14:39:11]>控制仪自检
[At 14:39:12]>控制仪自检
[At 14:39:12]>已获取控制仪参数
[At 14:39:12]>编码【开启】 检测【开启】
[At 14:39:15]>[COM3]已关闭
[At 14:39:15]>控制仪自检@接收数据失败
[At 14:39:16]>[COM3]已打开
[At 14:39:17]>控制仪在线，请执行操作
[At 14:39:20]>控制仪自检
[At 14:39:22]>已获取控制仪参数
[At 14:39:22]>编码【开启】 检测【开启】
[At 14:39:22]>保存配置参数成功
[At 14:39:22]>控制仪接收参数成功
[At 14:39:24]>模块编码
[At 14:39:24]>输入UID：83479
[At 14:39:27]>默认操作员：武则天
[At 14:39:27]>写入UID成功
[At 14:39:41]>未有检测结果，请进行检测
[At 14:39:50]>保存配置参数成功
[At 14:39:50]>控制仪接收参数成功[At 17:22:22]>请先接入被测模块再进行操作
[At 17:22:22]>已检测到串口，请选择并打开串口
[At 17:22:22]>请输入操作员姓名，20秒内未输入自动填入。
[At 17:22:22]>读取默认配置
[At 17:22:42]>默认操作员：武则天
[At 17:23:07]>[COM3]已打开
[At 17:23:08]>控制仪在线，请执行操作
[At 17:23:08]>控制仪自检
[At 17:23:10]>已获取控制仪参数
[At 17:23:10]>编码【开启】 检测【开启】
[At 17:23:13]>控制仪自检
[At 17:23:15]>已获取控制仪参数
[At 17:23:15]>编码【开启】 检测【开启】
[At 17:23:17]>模块检测
[At 17:23:17]>输入UID：83479
[At 17:23:35]>线路电压正常，线路电流正常
[At 17:23:39]>数据记录表保存成功
[At 17:23:59]>模块编码
[At 17:23:59]>输入UID：ADFFA
[At 17:24:02]>写入UID成功
[At 17:24:04]>模块检测
[At 17:24:04]>输入UID：ADFFA
[At 17:24:24]>线路电压正常，线路电流正常
[At 17:24:28]>数据记录表保存成功
[At 18:20:56]>[COM3]已关闭
[At 18:20:57]>[COM3]已打开
[At 18:20:58]>控制仪在线，请执行操作
[At 18:21:09]>控制仪自检
[At 18:21:33]>[COM3]已关闭
[At 18:21:33]>控制仪自检@接收数据失败
[At 18:21:34]>[COM3]已打开
[At 18:21:35]>控制仪在线，请执行操作
[At 18:21:37]>保存配置参数成功
[At 18:21:37]>控制仪接收参数成功
[At 18:35:23]>[COM3]已关闭
[At 18:35:24]>[COM3]已打开
[At 18:35:25]>控制仪在线，请执行操作
[At 18:35:28]>控制仪自检
[At 18:35:30]>已获取控制仪参数
[At 18:35:30]>编码【开启】 检测【开启】
[At 18:35:55]>模块编码
[At 18:35:55]>输入UID：ADFFA
[At 18:35:59]>写入UID成功